<?xml version="1.0" encoding="UTF-8"?>
<testng-results skipped="0" failed="3" total="3" passed="0">
  <reporter-output>
  </reporter-output>
  <suite name="Suite1" duration-ms="4040" started-at="2016-12-13T16:43:47Z" finished-at="2016-12-13T16:43:51Z">
    <groups>
      <group name="Login">
        <method signature="WT_Login.TC_2305(java.lang.reflect.Method)[pri:0, instance:wtTests.WT_Login@e45f292]" name="TC_2305" class="wtTests.WT_Login"/>
        <method signature="WT_Login.TC_2306(java.lang.reflect.Method)[pri:0, instance:wtTests.WT_Login@e45f292]" name="TC_2306" class="wtTests.WT_Login"/>
        <method signature="WT_Login.TC_2307(java.lang.reflect.Method)[pri:0, instance:wtTests.WT_Login@e45f292]" name="TC_2307" class="wtTests.WT_Login"/>
      </group> <!-- Login -->
    </groups>
    <test name="suite" duration-ms="4040" started-at="2016-12-13T16:43:47Z" finished-at="2016-12-13T16:43:51Z">
      <class name="wtTests.WT_Login">
        <test-method status="PASS" signature="init(java.lang.String, java.lang.String)[pri:0, instance:wtTests.WT_Login@e45f292]" name="init" is-config="true" duration-ms="3447" started-at="2016-12-13T22:13:47Z" finished-at="2016-12-13T22:13:50Z">
          <params>
            <param index="0">
              <value>
                <![CDATA[chrome]]>
              </value>
            </param>
            <param index="1">
              <value>
                <![CDATA[TestData\TestData.xlsx]]>
              </value>
            </param>
          </params>
          <reporter-output>
          </reporter-output>
        </test-method> <!-- init -->
        <test-method status="FAIL" signature="TC_2305(java.lang.reflect.Method)[pri:0, instance:wtTests.WT_Login@e45f292]" name="TC_2305" duration-ms="498" started-at="2016-12-13T22:13:50Z" finished-at="2016-12-13T22:13:51Z">
          <params>
            <param index="0">
              <value>
                <![CDATA[public void wtTests.WT_Login.TC_2305(java.lang.reflect.Method)]]>
              </value>
            </param>
          </params>
          <exception class="java.lang.NoSuchMethodError">
            <message>
              <![CDATA[com.google.common.collect.Multimaps.transformValues(Lcom/google/common/collect/ListMultimap;Lcom/google/common/base/Function;)Lcom/google/common/collect/ListMultimap;]]>
            </message>
            <full-stacktrace>
              <![CDATA[java.lang.NoSuchMethodError: com.google.common.collect.Multimaps.transformValues(Lcom/google/common/collect/ListMultimap;Lcom/google/common/base/Function;)Lcom/google/common/collect/ListMultimap;
	at com.google.common.net.MediaType.toString(MediaType.java:708)
	at org.openqa.selenium.remote.http.JsonHttpCommandCodec.encode(JsonHttpCommandCodec.java:222)
	at org.openqa.selenium.remote.HttpCommandExecutor.execute(HttpCommandExecutor.java:139)
	at org.openqa.selenium.remote.service.DriverCommandExecutor.execute(DriverCommandExecutor.java:82)
	at org.openqa.selenium.remote.RemoteWebDriver.execute(RemoteWebDriver.java:620)
	at org.openqa.selenium.remote.RemoteWebDriver.startSession(RemoteWebDriver.java:247)
	at org.openqa.selenium.remote.RemoteWebDriver.<init>(RemoteWebDriver.java:129)
	at org.openqa.selenium.remote.RemoteWebDriver.<init>(RemoteWebDriver.java:142)
	at org.openqa.selenium.chrome.ChromeDriver.<init>(ChromeDriver.java:170)
	at org.openqa.selenium.chrome.ChromeDriver.<init>(ChromeDriver.java:138)
	at wtDriverManager.GetDriver.returnDriver(GetDriver.java:54)
	at wtTests.WT_Login.TC_2305(WT_Login.java:129)
	at sun.reflect.NativeMethodAccessorImpl.invoke0(Native Method)
	at sun.reflect.NativeMethodAccessorImpl.invoke(Unknown Source)
	at sun.reflect.DelegatingMethodAccessorImpl.invoke(Unknown Source)
	at java.lang.reflect.Method.invoke(Unknown Source)
	at org.testng.internal.MethodInvocationHelper.invokeMethod(MethodInvocationHelper.java:84)
	at org.testng.internal.Invoker.invokeMethod(Invoker.java:714)
	at org.testng.internal.Invoker.invokeTestMethod(Invoker.java:901)
	at org.testng.internal.Invoker.invokeTestMethods(Invoker.java:1231)
	at org.testng.internal.TestMethodWorker.invokeTestMethods(TestMethodWorker.java:127)
	at org.testng.internal.TestMethodWorker.run(TestMethodWorker.java:111)
	at java.util.concurrent.ThreadPoolExecutor.runWorker(Unknown Source)
	at java.util.concurrent.ThreadPoolExecutor$Worker.run(Unknown Source)
	at java.lang.Thread.run(Unknown Source)
]]>
            </full-stacktrace>
          </exception> <!-- java.lang.NoSuchMethodError -->
          <reporter-output>
          </reporter-output>
        </test-method> <!-- TC_2305 -->
        <test-method status="PASS" signature="tearDown()[pri:0, instance:wtTests.WT_Login@e45f292]" name="tearDown" is-config="true" duration-ms="2" started-at="2016-12-13T22:13:51Z" finished-at="2016-12-13T22:13:51Z">
          <reporter-output>
          </reporter-output>
        </test-method> <!-- tearDown -->
        <test-method status="FAIL" signature="TC_2306(java.lang.reflect.Method)[pri:0, instance:wtTests.WT_Login@e45f292]" name="TC_2306" duration-ms="49" started-at="2016-12-13T22:13:51Z" finished-at="2016-12-13T22:13:51Z">
          <params>
            <param index="0">
              <value>
                <![CDATA[public void wtTests.WT_Login.TC_2306(java.lang.reflect.Method)]]>
              </value>
            </param>
          </params>
          <exception class="java.lang.NoSuchMethodError">
            <message>
              <![CDATA[com.google.common.collect.Multimaps.transformValues(Lcom/google/common/collect/ListMultimap;Lcom/google/common/base/Function;)Lcom/google/common/collect/ListMultimap;]]>
            </message>
            <full-stacktrace>
              <![CDATA[java.lang.NoSuchMethodError: com.google.common.collect.Multimaps.transformValues(Lcom/google/common/collect/ListMultimap;Lcom/google/common/base/Function;)Lcom/google/common/collect/ListMultimap;
	at com.google.common.net.MediaType.toString(MediaType.java:708)
	at org.openqa.selenium.remote.http.JsonHttpCommandCodec.encode(JsonHttpCommandCodec.java:222)
	at org.openqa.selenium.remote.HttpCommandExecutor.execute(HttpCommandExecutor.java:139)
	at org.openqa.selenium.remote.service.DriverCommandExecutor.execute(DriverCommandExecutor.java:82)
	at org.openqa.selenium.remote.RemoteWebDriver.execute(RemoteWebDriver.java:620)
	at org.openqa.selenium.remote.RemoteWebDriver.startSession(RemoteWebDriver.java:247)
	at org.openqa.selenium.remote.RemoteWebDriver.<init>(RemoteWebDriver.java:129)
	at org.openqa.selenium.remote.RemoteWebDriver.<init>(RemoteWebDriver.java:142)
	at org.openqa.selenium.chrome.ChromeDriver.<init>(ChromeDriver.java:170)
	at org.openqa.selenium.chrome.ChromeDriver.<init>(ChromeDriver.java:138)
	at wtDriverManager.GetDriver.returnDriver(GetDriver.java:54)
	at wtTests.WT_Login.TC_2306(WT_Login.java:152)
	at sun.reflect.NativeMethodAccessorImpl.invoke0(Native Method)
	at sun.reflect.NativeMethodAccessorImpl.invoke(Unknown Source)
	at sun.reflect.DelegatingMethodAccessorImpl.invoke(Unknown Source)
	at java.lang.reflect.Method.invoke(Unknown Source)
	at org.testng.internal.MethodInvocationHelper.invokeMethod(MethodInvocationHelper.java:84)
	at org.testng.internal.Invoker.invokeMethod(Invoker.java:714)
	at org.testng.internal.Invoker.invokeTestMethod(Invoker.java:901)
	at org.testng.internal.Invoker.invokeTestMethods(Invoker.java:1231)
	at org.testng.internal.TestMethodWorker.invokeTestMethods(TestMethodWorker.java:127)
	at org.testng.internal.TestMethodWorker.run(TestMethodWorker.java:111)
	at java.util.concurrent.ThreadPoolExecutor.runWorker(Unknown Source)
	at java.util.concurrent.ThreadPoolExecutor$Worker.run(Unknown Source)
	at java.lang.Thread.run(Unknown Source)
]]>
            </full-stacktrace>
          </exception> <!-- java.lang.NoSuchMethodError -->
          <reporter-output>
          </reporter-output>
        </test-method> <!-- TC_2306 -->
        <test-method status="FAIL" signature="TC_2307(java.lang.reflect.Method)[pri:0, instance:wtTests.WT_Login@e45f292]" name="TC_2307" duration-ms="8" started-at="2016-12-13T22:13:51Z" finished-at="2016-12-13T22:13:51Z">
          <params>
            <param index="0">
              <value>
                <![CDATA[public void wtTests.WT_Login.TC_2307(java.lang.reflect.Method)]]>
              </value>
            </param>
          </params>
          <exception class="java.lang.NoSuchMethodError">
            <message>
              <![CDATA[com.google.common.collect.Multimaps.transformValues(Lcom/google/common/collect/ListMultimap;Lcom/google/common/base/Function;)Lcom/google/common/collect/ListMultimap;]]>
            </message>
            <full-stacktrace>
              <![CDATA[java.lang.NoSuchMethodError: com.google.common.collect.Multimaps.transformValues(Lcom/google/common/collect/ListMultimap;Lcom/google/common/base/Function;)Lcom/google/common/collect/ListMultimap;
	at com.google.common.net.MediaType.toString(MediaType.java:708)
	at org.openqa.selenium.remote.http.JsonHttpCommandCodec.encode(JsonHttpCommandCodec.java:222)
	at org.openqa.selenium.remote.HttpCommandExecutor.execute(HttpCommandExecutor.java:139)
	at org.openqa.selenium.remote.service.DriverCommandExecutor.execute(DriverCommandExecutor.java:82)
	at org.openqa.selenium.remote.RemoteWebDriver.execute(RemoteWebDriver.java:620)
	at org.openqa.selenium.remote.RemoteWebDriver.startSession(RemoteWebDriver.java:247)
	at org.openqa.selenium.remote.RemoteWebDriver.<init>(RemoteWebDriver.java:129)
	at org.openqa.selenium.remote.RemoteWebDriver.<init>(RemoteWebDriver.java:142)
	at org.openqa.selenium.chrome.ChromeDriver.<init>(ChromeDriver.java:170)
	at org.openqa.selenium.chrome.ChromeDriver.<init>(ChromeDriver.java:138)
	at wtDriverManager.GetDriver.returnDriver(GetDriver.java:54)
	at wtTests.WT_Login.TC_2307(WT_Login.java:170)
	at sun.reflect.NativeMethodAccessorImpl.invoke0(Native Method)
	at sun.reflect.NativeMethodAccessorImpl.invoke(Unknown Source)
	at sun.reflect.DelegatingMethodAccessorImpl.invoke(Unknown Source)
	at java.lang.reflect.Method.invoke(Unknown Source)
	at org.testng.internal.MethodInvocationHelper.invokeMethod(MethodInvocationHelper.java:84)
	at org.testng.internal.Invoker.invokeMethod(Invoker.java:714)
	at org.testng.internal.Invoker.invokeTestMethod(Invoker.java:901)
	at org.testng.internal.Invoker.invokeTestMethods(Invoker.java:1231)
	at org.testng.internal.TestMethodWorker.invokeTestMethods(TestMethodWorker.java:127)
	at org.testng.internal.TestMethodWorker.run(TestMethodWorker.java:111)
	at java.util.concurrent.ThreadPoolExecutor.runWorker(Unknown Source)
	at java.util.concurrent.ThreadPoolExecutor$Worker.run(Unknown Source)
	at java.lang.Thread.run(Unknown Source)
]]>
            </full-stacktrace>
          </exception> <!-- java.lang.NoSuchMethodError -->
          <reporter-output>
          </reporter-output>
        </test-method> <!-- TC_2307 -->
        <test-method status="PASS" signature="tearDown()[pri:0, instance:wtTests.WT_Login@e45f292]" name="tearDown" is-config="true" duration-ms="0" started-at="2016-12-13T22:13:51Z" finished-at="2016-12-13T22:13:51Z">
          <reporter-output>
          </reporter-output>
        </test-method> <!-- tearDown -->
        <test-method status="PASS" signature="tearDown()[pri:0, instance:wtTests.WT_Login@e45f292]" name="tearDown" is-config="true" duration-ms="0" started-at="2016-12-13T22:13:51Z" finished-at="2016-12-13T22:13:51Z">
          <reporter-output>
          </reporter-output>
        </test-method> <!-- tearDown -->
        <test-method status="PASS" signature="tearDown()[pri:0, instance:wtTests.WT_Login@e45f292]" name="tearDown" is-config="true" duration-ms="0" started-at="2016-12-13T22:13:51Z" finished-at="2016-12-13T22:13:51Z">
          <reporter-output>
          </reporter-output>
        </test-method> <!-- tearDown -->
      </class> <!-- wtTests.WT_Login -->
    </test> <!-- suite -->
  </suite> <!-- Suite1 -->
</testng-results>
